<?xml version="1.0" encoding="UTF-8"?>
<!-- Generated by org.testng.reporters.JUnitReportReporter -->
<testsuite hostname="Airs-Air.mshome.net" failures="0" tests="1" name="Practice.ContactTest.ContactTest" time="0.015" errors="0" timestamp="2025-02-27T12:12:48 IST" skipped="0">
  <testcase classname="Practice.ContactTest.ContactTest" name="createContact" time="0.015">
    <system-out>
      <![CDATA[Contact is Created]]>
    </system-out>
  </testcase> <!-- createContact -->
  <system-out>
    <![CDATA[Contact is Created
Organization is Created]]>
  </system-out>
</testsuite> <!-- Practice.ContactTest.ContactTest -->
