<?xml version="1.0" encoding="UTF-8"?>
<!-- Generated by org.testng.reporters.JUnitReportReporter -->
<testsuite hostname="Airs-Air.mshome.net" failures="0" tests="1" name="Practice.Test.CreateOrgTest" time="0.002" errors="0" timestamp="2025-02-27T12:12:48 IST" skipped="0">
  <testcase classname="Practice.Test.CreateOrgTest" name="createOrg" time="0.002">
    <system-out>
      <![CDATA[Organization is Created]]>
    </system-out>
  </testcase> <!-- createOrg -->
  <system-out>
    <![CDATA[Contact is Created
Organization is Created]]>
  </system-out>
</testsuite> <!-- Practice.Test.CreateOrgTest -->
